<?xml version="1.0" encoding="UTF-8"?>
<testng-results ignored="0" total="4" passed="4" failed="0" skipped="0">
  <reporter-output>
  </reporter-output>
  <suite started-at="2025-03-23T23:18:23 IST" name="Suite" finished-at="2025-03-23T23:19:04 IST" duration-ms="40562">
    <groups>
    </groups>
    <test started-at="2025-03-23T23:18:23 IST" name="chrome" finished-at="2025-03-23T23:18:43 IST" duration-ms="19697">
      <class name="testCases.TC_002_AdminPage">
        <test-method is-config="true" signature="LaunchBrowser(java.lang.String,java.lang.String)[pri:0, instance:testCases.TC_002_AdminPage@6b58b9e9]" started-at="2025-03-23T23:18:33 IST" name="LaunchBrowser" finished-at="2025-03-23T23:18:41 IST" duration-ms="7772" status="PASS">
          <params>
            <param index="0">
              <value>
                <![CDATA[Windows]]>
              </value>
            </param>
            <param index="1">
              <value>
                <![CDATA[chrome]]>
              </value>
            </param>
          </params>
          <reporter-output>
          </reporter-output>
        </test-method> <!-- LaunchBrowser -->
        <test-method signature="AdminPahe()[pri:0, instance:testCases.TC_002_AdminPage@6b58b9e9]" started-at="2025-03-23T23:18:41 IST" name="AdminPahe" finished-at="2025-03-23T23:18:43 IST" duration-ms="1789" status="PASS">
          <reporter-output>
          </reporter-output>
        </test-method> <!-- AdminPahe -->
        <test-method is-config="true" signature="teardown()[pri:0, instance:testCases.TC_002_AdminPage@6b58b9e9]" started-at="2025-03-23T23:18:43 IST" name="teardown" finished-at="2025-03-23T23:18:43 IST" duration-ms="280" status="PASS">
          <reporter-output>
          </reporter-output>
        </test-method> <!-- teardown -->
      </class> <!-- testCases.TC_002_AdminPage -->
      <class name="testCases.TC_001_DashBoard">
        <test-method is-config="true" signature="LaunchBrowser(java.lang.String,java.lang.String)[pri:0, instance:testCases.TC_001_DashBoard@55c53a33]" started-at="2025-03-23T23:18:23 IST" name="LaunchBrowser" finished-at="2025-03-23T23:18:31 IST" duration-ms="7815" status="PASS">
          <params>
            <param index="0">
              <value>
                <![CDATA[Windows]]>
              </value>
            </param>
            <param index="1">
              <value>
                <![CDATA[chrome]]>
              </value>
            </param>
          </params>
          <reporter-output>
          </reporter-output>
        </test-method> <!-- LaunchBrowser -->
        <test-method signature="dashboardpage()[pri:0, instance:testCases.TC_001_DashBoard@55c53a33]" started-at="2025-03-23T23:18:31 IST" name="dashboardpage" finished-at="2025-03-23T23:18:33 IST" duration-ms="1555" status="PASS">
          <reporter-output>
          </reporter-output>
        </test-method> <!-- dashboardpage -->
        <test-method is-config="true" signature="teardown()[pri:0, instance:testCases.TC_001_DashBoard@55c53a33]" started-at="2025-03-23T23:18:33 IST" name="teardown" finished-at="2025-03-23T23:18:33 IST" duration-ms="254" status="PASS">
          <reporter-output>
          </reporter-output>
        </test-method> <!-- teardown -->
      </class> <!-- testCases.TC_001_DashBoard -->
    </test> <!-- chrome -->
    <test started-at="2025-03-23T23:18:43 IST" name="Edge" finished-at="2025-03-23T23:19:04 IST" duration-ms="20795">
      <class name="testCases.TC_002_AdminPage">
        <test-method is-config="true" signature="LaunchBrowser(java.lang.String,java.lang.String)[pri:0, instance:testCases.TC_002_AdminPage@934b6cb]" started-at="2025-03-23T23:18:53 IST" name="LaunchBrowser" finished-at="2025-03-23T23:19:00 IST" duration-ms="7581" status="PASS">
          <params>
            <param index="0">
              <value>
                <![CDATA[Windows]]>
              </value>
            </param>
            <param index="1">
              <value>
                <![CDATA[edge]]>
              </value>
            </param>
          </params>
          <reporter-output>
          </reporter-output>
        </test-method> <!-- LaunchBrowser -->
        <test-method signature="AdminPahe()[pri:0, instance:testCases.TC_002_AdminPage@934b6cb]" started-at="2025-03-23T23:19:00 IST" name="AdminPahe" finished-at="2025-03-23T23:19:03 IST" duration-ms="2065" status="PASS">
          <reporter-output>
          </reporter-output>
        </test-method> <!-- AdminPahe -->
        <test-method is-config="true" signature="teardown()[pri:0, instance:testCases.TC_002_AdminPage@934b6cb]" started-at="2025-03-23T23:19:03 IST" name="teardown" finished-at="2025-03-23T23:19:04 IST" duration-ms="1379" status="PASS">
          <reporter-output>
          </reporter-output>
        </test-method> <!-- teardown -->
      </class> <!-- testCases.TC_002_AdminPage -->
      <class name="testCases.TC_001_DashBoard">
        <test-method is-config="true" signature="LaunchBrowser(java.lang.String,java.lang.String)[pri:0, instance:testCases.TC_001_DashBoard@28d18df5]" started-at="2025-03-23T23:18:43 IST" name="LaunchBrowser" finished-at="2025-03-23T23:18:51 IST" duration-ms="7902" status="PASS">
          <params>
            <param index="0">
              <value>
                <![CDATA[Windows]]>
              </value>
            </param>
            <param index="1">
              <value>
                <![CDATA[edge]]>
              </value>
            </param>
          </params>
          <reporter-output>
          </reporter-output>
        </test-method> <!-- LaunchBrowser -->
        <test-method signature="dashboardpage()[pri:0, instance:testCases.TC_001_DashBoard@28d18df5]" started-at="2025-03-23T23:18:51 IST" name="dashboardpage" finished-at="2025-03-23T23:18:51 IST" duration-ms="433" status="PASS">
          <reporter-output>
          </reporter-output>
        </test-method> <!-- dashboardpage -->
        <test-method is-config="true" signature="teardown()[pri:0, instance:testCases.TC_001_DashBoard@28d18df5]" started-at="2025-03-23T23:18:51 IST" name="teardown" finished-at="2025-03-23T23:18:53 IST" duration-ms="1413" status="PASS">
          <reporter-output>
          </reporter-output>
        </test-method> <!-- teardown -->
      </class> <!-- testCases.TC_001_DashBoard -->
    </test> <!-- Edge -->
  </suite> <!-- Suite -->
</testng-results>
